La génération a démarré 2012-10-17 13:42:15.
     1>Projet "\\vnode1.labos.polymtl.ca\usagers-vn1\a\auran\profiles\Desktop\INF3405\A2012\Lab3Serveur_A2012\Lab3Serveur_H2012\Lab3Serveur_H2012.vcxproj" sur le nœud 2 (build cible(s)).
     1>InitializeBuildStatus:
         Création de "Release\Lab3Serveur_A2012.unsuccessfulbuild", car "AlwaysCreate" a été spécifié.
       ClCompile:
         c:\Program Files (x86)\Microsoft Visual Studio 10.0\VC\bin\CL.exe /c /Zi /nologo /W3 /WX- /O2 /Oi /Oy- /GL /D WIN32 /D NDEBUG /D _CONSOLE /D _UNICODE /D UNICODE /Gm- /EHsc /MD /GS /Gy /fp:precise /Zc:wchar_t /Zc:forScope /Fo"Release\\" /Fd"Release\vc100.pdb" /Gd /TP /analyze- /errorReport:prompt main.cpp
         main.cpp
       Link:
         c:\Program Files (x86)\Microsoft Visual Studio 10.0\VC\bin\link.exe /ERRORREPORT:PROMPT /OUT:"\\vnode1.labos.polymtl.ca\usagers-vn1\a\auran\profiles\Desktop\INF3405\A2012\Lab3Serveur_A2012\Release\Lab3Serveur_A2012.exe" /INCREMENTAL:NO /NOLOGO kernel32.lib user32.lib gdi32.lib winspool.lib comdlg32.lib advapi32.lib shell32.lib ole32.lib oleaut32.lib uuid.lib odbc32.lib odbccp32.lib /MANIFEST /ManifestFile:"Release\Lab3Serveur_A2012.exe.intermediate.manifest" /MANIFESTUAC:"level='asInvoker' uiAccess='false'" /DEBUG /PDB:"\\vnode1.labos.polymtl.ca\usagers-vn1\a\auran\profiles\Desktop\INF3405\A2012\Lab3Serveur_A2012\Release\Lab3Serveur_A2012.pdb" /SUBSYSTEM:CONSOLE /OPT:REF /OPT:ICF /LTCG /TLBID:1 /DYNAMICBASE /NXCOMPAT /IMPLIB:"\\vnode1.labos.polymtl.ca\usagers-vn1\a\auran\profiles\Desktop\INF3405\A2012\Lab3Serveur_A2012\Release\Lab3Serveur_A2012.lib" /MACHINE:X86 Release\main.obj
         Génération de code en cours
         Fin de la génération du code
         Lab3Serveur_H2012.vcxproj -> \\vnode1.labos.polymtl.ca\usagers-vn1\a\auran\profiles\Desktop\INF3405\A2012\Lab3Serveur_A2012\Release\Lab3Serveur_A2012.exe
       Manifest:
         C:\Program Files (x86)\Microsoft SDKs\Windows\v7.0A\bin\mt.exe /nologo /verbose /outputresource:"\\vnode1.labos.polymtl.ca\usagers-vn1\a\auran\profiles\Desktop\INF3405\A2012\Lab3Serveur_A2012\Release\Lab3Serveur_A2012.exe;#1" /manifest Release\Lab3Serveur_A2012.exe.intermediate.manifest
       FinalizeBuildStatus:
         Suppression du fichier "Release\Lab3Serveur_A2012.unsuccessfulbuild".
         Mise à jour de l'horodatage "Release\Lab3Serveur_A2012.lastbuildstate".
     1>Génération du projet "\\vnode1.labos.polymtl.ca\usagers-vn1\a\auran\profiles\Desktop\INF3405\A2012\Lab3Serveur_A2012\Lab3Serveur_H2012\Lab3Serveur_H2012.vcxproj" terminée (build cible(s)).

La génération a réussi.

Temps écoulé 00:00:04.22
